# JRE version: Java(TM) SE Runtime Environment (20.0+36) (build 20+36-2344)
# Java VM: Java HotSpot(TM) 64-Bit Server VM (20+36-2344, mixed mode, sharing, tiered, compressed oops, compressed class ptrs, g1 gc, windows-amd64)
GC Precious Log:
 CardTable entry size: 512
 Card Set container configuration: InlinePtr #cards 5 size 8 Array Of Cards #cards 12 size 40 Howl #buckets 4 coarsen threshold 1843 Howl Bitmap #cards 512 size 80 coarsen threshold 460 Card regions per heap region 1 cards per card region 2048
 CPUs: 8 total, 8 available
 Memory: 8022M
 Large Page Support: Disabled
 NUMA Support: Disabled
 Compressed Oops: Enabled (32-bit)
 Heap Region Size: 1M
 Heap Min Capacity: 256M
 Heap Initial Capacity: 256M
 Heap Max Capacity: 512M
 Pre-touch: Disabled
 Parallel Workers: 8
 Concurrent Workers: 2
 Concurrent Refinement Workers: 8
 Periodic GC: Disabled
Heap:
 garbage-first heap   total 262144K, used 90890K [0x00000000e0000000, 0x0000000100000000)
  region size 1024K, 38 young (38912K), 4 survivors (4096K)
 Metaspace       used 61424K, committed 63488K, reserved 380928K
  class space    used 8919K, committed 9920K, reserved 315392K
GC Heap History (14 events):
Event: 1.242 GC heap before
{Heap before GC invocations=0 (full 0):
 garbage-first heap   total 262144K, used 26624K [0x00000000e0000000, 0x0000000100000000)
  region size 1024K, 23 young (23552K), 0 survivors (0K)
 Metaspace       used 3109K, committed 3264K, reserved 380928K
  class space    used 396K, committed 448K, reserved 315392K
}
Event: 1.247 GC heap after
{Heap after GC invocations=1 (full 0):
 garbage-first heap   total 262144K, used 10283K [0x00000000e0000000, 0x0000000100000000)
  region size 1024K, 3 young (3072K), 3 survivors (3072K)
 Metaspace       used 3109K, committed 3264K, reserved 380928K
  class space    used 396K, committed 448K, reserved 315392K
}
Event: 2.217 GC heap before
{Heap before GC invocations=1 (full 0):
 garbage-first heap   total 262144K, used 38955K [0x00000000e0000000, 0x0000000100000000)
  region size 1024K, 32 young (32768K), 3 survivors (3072K)
 Metaspace       used 4051K, committed 4224K, reserved 380928K
  class space    used 493K, committed 576K, reserved 315392K
}
Event: 2.221 GC heap after
{Heap after GC invocations=2 (full 0):
 garbage-first heap   total 262144K, used 11275K [0x00000000e0000000, 0x0000000100000000)
  region size 1024K, 1 young (1024K), 1 survivors (1024K)
 Metaspace       used 4051K, committed 4224K, reserved 380928K
  class space    used 493K, committed 576K, reserved 315392K
}
Event: 6.865 GC heap before
{Heap before GC invocations=2 (full 0):
 garbage-first heap   total 262144K, used 117771K [0x00000000e0000000, 0x0000000100000000)
  region size 1024K, 105 young (107520K), 1 survivors (1024K)
 Metaspace       used 20846K, committed 21504K, reserved 380928K
  class space    used 3040K, committed 3392K, reserved 315392K
}
Event: 6.878 GC heap after
{Heap after GC invocations=3 (full 0):
 garbage-first heap   total 262144K, used 23331K [0x00000000e0000000, 0x0000000100000000)
  region size 1024K, 13 young (13312K), 13 survivors (13312K)
 Metaspace       used 20846K, committed 21504K, reserved 380928K
  class space    used 3040K, committed 3392K, reserved 315392K
}
Event: 9.404 GC heap before
{Heap before GC invocations=4 (full 0):
 garbage-first heap   total 262144K, used 133923K [0x00000000e0000000, 0x0000000100000000)
  region size 1024K, 118 young (120832K), 13 survivors (13312K)
 Metaspace       used 34922K, committed 36096K, reserved 380928K
  class space    used 4902K, committed 5504K, reserved 315392K
}
Event: 9.422 GC heap after
{Heap after GC invocations=5 (full 0):
 garbage-first heap   total 262144K, used 33240K [0x00000000e0000000, 0x0000000100000000)
  region size 1024K, 9 young (9216K), 9 survivors (9216K)
 Metaspace       used 34922K, committed 36096K, reserved 380928K
  class space    used 4902K, committed 5504K, reserved 315392K
}
Event: 12.918 GC heap before
{Heap before GC invocations=6 (full 0):
 garbage-first heap   total 262144K, used 181720K [0x00000000e0000000, 0x0000000100000000)
  region size 1024K, 153 young (156672K), 9 survivors (9216K)
 Metaspace       used 50131K, committed 51968K, reserved 380928K
  class space    used 7277K, committed 8192K, reserved 315392K
}
Event: 12.934 GC heap after
{Heap after GC invocations=7 (full 0):
 garbage-first heap   total 262144K, used 40475K [0x00000000e0000000, 0x0000000100000000)
  region size 1024K, 18 young (18432K), 18 survivors (18432K)
 Metaspace       used 50131K, committed 51968K, reserved 380928K
  class space    used 7277K, committed 8192K, reserved 315392K
}
Event: 15.232 GC heap before
{Heap before GC invocations=7 (full 0):
 garbage-first heap   total 262144K, used 178715K [0x00000000e0000000, 0x0000000100000000)
  region size 1024K, 153 young (156672K), 18 survivors (18432K)
 Metaspace       used 57497K, committed 59520K, reserved 380928K
  class space    used 8269K, committed 9280K, reserved 315392K
}
Event: 15.258 GC heap after
{Heap after GC invocations=8 (full 0):
 garbage-first heap   total 262144K, used 52185K [0x00000000e0000000, 0x0000000100000000)
  region size 1024K, 20 young (20480K), 20 survivors (20480K)
 Metaspace       used 57497K, committed 59520K, reserved 380928K
  class space    used 8269K, committed 9280K, reserved 315392K
}
Event: 15.607 GC heap before
{Heap before GC invocations=8 (full 0):
 garbage-first heap   total 262144K, used 73689K [0x00000000e0000000, 0x0000000100000000)
  region size 1024K, 42 young (43008K), 20 survivors (20480K)
 Metaspace       used 58736K, committed 60736K, reserved 380928K
  class space    used 8471K, committed 9472K, reserved 315392K
}
Event: 15.630 GC heap after
{Heap after GC invocations=9 (full 0):
 garbage-first heap   total 262144K, used 57098K [0x00000000e0000000, 0x0000000100000000)
  region size 1024K, 4 young (4096K), 4 survivors (4096K)
 Metaspace       used 58736K, committed 60736K, reserved 380928K
  class space    used 8471K, committed 9472K, reserved 315392K
}

